<?xml version="1.0" encoding="UTF-8" standalone="yes"?>
<ns2:test-suite start="1468400010933" stop="1468400032166" version="1.4.23" xmlns:ns2="urn:model.allure.qatools.yandex.ru">
    <name>ru.kaspersky.WebCalculatorTest</name>
    <test-cases>
        <test-case start="1468400011044" stop="1468400031465" status="passed">
            <name>testDiv1</name>
            <steps>
                <step start="1468400011821" stop="1468400031460" status="passed">
                    <name>testDiv1</name>
                    <title>Деление. Случай, когда числитель меньше знаменателя</title>
                    <attachments/>
                    <steps/>
                </step>
            </steps>
            <attachments/>
            <labels>
                <label name="host" value="iMac-Azamat.local"/>
                <label name="thread" value="71171@iMac-Azamat.local.main(1)"/>
            </labels>
        </test-case>
        <test-case start="1468400031473" stop="1468400031678" status="failed">
            <name>testDiv2</name>
            <failure>
                <message>AssertionError: Expected status code &lt;200&gt; doesn't match actual status code &lt;500&gt;.
</message>
                <stack-trace>java.lang.AssertionError: Expected status code &lt;200&gt; doesn't match actual status code &lt;500&gt;.

	at sun.reflect.NativeConstructorAccessorImpl.newInstance0(Native Method)
	at sun.reflect.NativeConstructorAccessorImpl.newInstance(NativeConstructorAccessorImpl.java:57)
	at sun.reflect.DelegatingConstructorAccessorImpl.newInstance(DelegatingConstructorAccessorImpl.java:45)
	at java.lang.reflect.Constructor.newInstance(Constructor.java:526)
	at org.codehaus.groovy.reflection.CachedConstructor.invoke(CachedConstructor.java:77)
	at org.codehaus.groovy.runtime.callsite.ConstructorSite$ConstructorSiteNoUnwrapNoCoerce.callConstructor(ConstructorSite.java:102)
	at org.codehaus.groovy.runtime.callsite.CallSiteArray.defaultCallConstructor(CallSiteArray.java:57)
	at org.codehaus.groovy.runtime.callsite.AbstractCallSite.callConstructor(AbstractCallSite.java:182)
	at org.codehaus.groovy.runtime.callsite.AbstractCallSite.callConstructor(AbstractCallSite.java:190)
	at com.jayway.restassured.internal.ResponseSpecificationImpl$HamcrestAssertionClosure.validate(ResponseSpecificationImpl.groovy:553)
	at com.jayway.restassured.internal.ResponseSpecificationImpl$HamcrestAssertionClosure$validate$1.call(Unknown Source)
	at com.jayway.restassured.internal.ResponseSpecificationImpl.validateResponseIfRequired(ResponseSpecificationImpl.groovy:691)
	at com.jayway.restassured.internal.ResponseSpecificationImpl.this$2$validateResponseIfRequired(ResponseSpecificationImpl.groovy)
	at com.jayway.restassured.internal.ResponseSpecificationImpl$this$2$validateResponseIfRequired$1.callCurrent(Unknown Source)
	at com.jayway.restassured.internal.ResponseSpecificationImpl.statusCode(ResponseSpecificationImpl.groovy:105)
	at com.jayway.restassured.specification.ResponseSpecification$statusCode$1.callCurrent(Unknown Source)
	at com.jayway.restassured.internal.ResponseSpecificationImpl.statusCode(ResponseSpecificationImpl.groovy:113)
	at com.jayway.restassured.specification.ResponseSpecification$statusCode$0.call(Unknown Source)
	at com.jayway.restassured.internal.ValidatableResponseImpl.statusCode(ValidatableResponseImpl.groovy:64)
	at ru.kaspersky.WebCalculatorTest.testDiv2(WebCalculatorTest.java:37)
	at sun.reflect.NativeMethodAccessorImpl.invoke0(Native Method)
	at sun.reflect.NativeMethodAccessorImpl.invoke(NativeMethodAccessorImpl.java:57)
	at sun.reflect.DelegatingMethodAccessorImpl.invoke(DelegatingMethodAccessorImpl.java:43)
	at java.lang.reflect.Method.invoke(Method.java:606)
	at org.junit.runners.model.FrameworkMethod$1.runReflectiveCall(FrameworkMethod.java:47)
	at org.junit.internal.runners.model.ReflectiveCallable.run(ReflectiveCallable.java:12)
	at org.junit.runners.model.FrameworkMethod.invokeExplosively(FrameworkMethod.java:44)
	at org.junit.internal.runners.statements.InvokeMethod.evaluate(InvokeMethod.java:17)
	at org.junit.runners.ParentRunner.runLeaf(ParentRunner.java:271)
	at org.junit.runners.BlockJUnit4ClassRunner.runChild(BlockJUnit4ClassRunner.java:70)
	at org.junit.runners.BlockJUnit4ClassRunner.runChild(BlockJUnit4ClassRunner.java:50)
	at org.junit.runners.ParentRunner$3.run(ParentRunner.java:238)
	at org.junit.runners.ParentRunner$1.schedule(ParentRunner.java:63)
	at org.junit.runners.ParentRunner.runChildren(ParentRunner.java:236)
	at org.junit.runners.ParentRunner.access$000(ParentRunner.java:53)
	at org.junit.runners.ParentRunner$2.evaluate(ParentRunner.java:229)
	at org.junit.runners.ParentRunner.run(ParentRunner.java:309)
	at org.apache.maven.surefire.junit4.JUnit4Provider.execute(JUnit4Provider.java:264)
	at org.apache.maven.surefire.junit4.JUnit4Provider.executeTestSet(JUnit4Provider.java:153)
	at org.apache.maven.surefire.junit4.JUnit4Provider.invoke(JUnit4Provider.java:124)
	at sun.reflect.NativeMethodAccessorImpl.invoke0(Native Method)
	at sun.reflect.NativeMethodAccessorImpl.invoke(NativeMethodAccessorImpl.java:57)
	at sun.reflect.DelegatingMethodAccessorImpl.invoke(DelegatingMethodAccessorImpl.java:43)
	at java.lang.reflect.Method.invoke(Method.java:606)
	at org.apache.maven.surefire.util.ReflectionUtils.invokeMethodWithArray2(ReflectionUtils.java:208)
	at org.apache.maven.surefire.booter.ProviderFactory$ProviderProxy.invoke(ProviderFactory.java:158)
	at org.apache.maven.surefire.booter.ProviderFactory.invokeProvider(ProviderFactory.java:86)
	at org.apache.maven.surefire.booter.ForkedBooter.runSuitesInProcess(ForkedBooter.java:153)
	at org.apache.maven.surefire.booter.ForkedBooter.main(ForkedBooter.java:95)
</stack-trace>
            </failure>
            <steps>
                <step start="1468400031483" stop="1468400031668" status="failed">
                    <name>testDiv2</name>
                    <title>Деление. Случай, когда происходит деление на нуль</title>
                </step>
            </steps>
            <attachments/>
            <labels>
                <label name="host" value="iMac-Azamat.local"/>
                <label name="thread" value="71171@iMac-Azamat.local.main(1)"/>
            </labels>
        </test-case>
        <test-case start="1468400031678" stop="1468400031837" status="passed">
            <name>testDiv3</name>
            <steps>
                <step start="1468400031681" stop="1468400031837" status="passed">
                    <name>testDiv3</name>
                    <title>Деление. Случай, когда числитель больше знаменателя</title>
                    <attachments/>
                    <steps/>
                </step>
            </steps>
            <attachments/>
            <labels>
                <label name="host" value="iMac-Azamat.local"/>
                <label name="thread" value="71171@iMac-Azamat.local.main(1)"/>
            </labels>
        </test-case>
        <test-case start="1468400031839" stop="1468400031999" status="passed">
            <name>testDiv4</name>
            <steps>
                <step start="1468400031841" stop="1468400031999" status="passed">
                    <name>testDiv4</name>
                    <title>Деление. Случай, когда деление происходит на -1</title>
                    <attachments/>
                    <steps/>
                </step>
            </steps>
            <attachments/>
            <labels>
                <label name="host" value="iMac-Azamat.local"/>
                <label name="thread" value="71171@iMac-Azamat.local.main(1)"/>
            </labels>
        </test-case>
        <test-case start="1468400032001" stop="1468400032158" status="passed">
            <name>testDiv5</name>
            <steps>
                <step start="1468400032004" stop="1468400032158" status="passed">
                    <name>testDiv5</name>
                    <title>Деление. Случай, когда деление происходит на 1</title>
                    <attachments/>
                    <steps/>
                </step>
            </steps>
            <attachments/>
            <labels>
                <label name="host" value="iMac-Azamat.local"/>
                <label name="thread" value="71171@iMac-Azamat.local.main(1)"/>
            </labels>
        </test-case>
    </test-cases>
    <labels>
        <label name="framework" value="JUnit"/>
        <label name="language" value="JAVA"/>
    </labels>
</ns2:test-suite>
