<?xml version="1.0" encoding="UTF-8"?>
<testsuite name="ru.kaspersky.WebCalculatorTest" time="21.407" tests="5" errors="0" skipped="0" failures="1">
  <properties>
[...]
</properties>
  <testcase name="testDiv1" classname="ru.kaspersky.WebCalculatorTest" time="20.729"/>
  <testcase name="testDiv2" classname="ru.kaspersky.WebCalculatorTest" time="0.202">
    <failure message="Expected status code &lt;200&gt; doesn&apos;t match actual status code &lt;500&gt;.&#10;" type="java.lang.AssertionError"><![CDATA[java.lang.AssertionError: Expected status code <200> doesn't match actual status code <500>.

	at sun.reflect.NativeConstructorAccessorImpl.newInstance0(Native Method)
	at sun.reflect.NativeConstructorAccessorImpl.newInstance(NativeConstructorAccessorImpl.java:57)
	at sun.reflect.DelegatingConstructorAccessorImpl.newInstance(DelegatingConstructorAccessorImpl.java:45)
	at java.lang.reflect.Constructor.newInstance(Constructor.java:526)
	at org.codehaus.groovy.reflection.CachedConstructor.invoke(CachedConstructor.java:77)
	at org.codehaus.groovy.runtime.callsite.ConstructorSite$ConstructorSiteNoUnwrapNoCoerce.callConstructor(ConstructorSite.java:102)
	at org.codehaus.groovy.runtime.callsite.CallSiteArray.defaultCallConstructor(CallSiteArray.java:57)
	at org.codehaus.groovy.runtime.callsite.AbstractCallSite.callConstructor(AbstractCallSite.java:182)
	at org.codehaus.groovy.runtime.callsite.AbstractCallSite.callConstructor(AbstractCallSite.java:190)
	at com.jayway.restassured.internal.ResponseSpecificationImpl$HamcrestAssertionClosure.validate(ResponseSpecificationImpl.groovy:553)
	at com.jayway.restassured.internal.ResponseSpecificationImpl$HamcrestAssertionClosure$validate$1.call(Unknown Source)
	at com.jayway.restassured.internal.ResponseSpecificationImpl.validateResponseIfRequired(ResponseSpecificationImpl.groovy:691)
	at com.jayway.restassured.internal.ResponseSpecificationImpl.this$2$validateResponseIfRequired(ResponseSpecificationImpl.groovy)
	at com.jayway.restassured.internal.ResponseSpecificationImpl$this$2$validateResponseIfRequired$1.callCurrent(Unknown Source)
	at com.jayway.restassured.internal.ResponseSpecificationImpl.statusCode(ResponseSpecificationImpl.groovy:105)
	at com.jayway.restassured.specification.ResponseSpecification$statusCode$1.callCurrent(Unknown Source)
	at com.jayway.restassured.internal.ResponseSpecificationImpl.statusCode(ResponseSpecificationImpl.groovy:113)
	at com.jayway.restassured.specification.ResponseSpecification$statusCode$0.call(Unknown Source)
	at com.jayway.restassured.internal.ValidatableResponseImpl.statusCode(ValidatableResponseImpl.groovy:64)
	at ru.kaspersky.WebCalculatorTest.testDiv2(WebCalculatorTest.java:37)
]]></failure>
  </testcase>
  <testcase name="testDiv3" classname="ru.kaspersky.WebCalculatorTest" time="0.159"/>
  <testcase name="testDiv4" classname="ru.kaspersky.WebCalculatorTest" time="0.16"/>
  <testcase name="testDiv5" classname="ru.kaspersky.WebCalculatorTest" time="0.157"/>
</testsuite>